<?xml version="1.0" encoding="UTF-8"?>
<testsuite xmlns:xsi="http://www.w3.org/2001/XMLSchema-instance" xsi:noNamespaceSchemaLocation="https://maven.apache.org/surefire/maven-surefire-plugin/xsd/surefire-test-report.xsd" version="3.0.2" name="PublisherConfirmsTest" time="8.737" tests="7" errors="0" skipped="0" failures="0">
  <properties>
    <property name="java.specification.version" value="23"/>
    <property name="sun.jnu.encoding" value="UTF-8"/>
    <property name="java.class.path" value="/home/gunduzc/Git/java-mvn/target/test-classes:/home/gunduzc/Git/java-mvn/target/classes:/home/gunduzc/.m2/repository/com/rabbitmq/amqp-client/5.25.0/amqp-client-5.25.0.jar:/home/gunduzc/.m2/repository/org/slf4j/slf4j-api/2.0.16/slf4j-api-2.0.16.jar:/home/gunduzc/.m2/repository/org/slf4j/slf4j-simple/2.0.16/slf4j-simple-2.0.16.jar:/home/gunduzc/.m2/repository/org/junit/jupiter/junit-jupiter/5.11.4/junit-jupiter-5.11.4.jar:/home/gunduzc/.m2/repository/org/junit/jupiter/junit-jupiter-api/5.11.4/junit-jupiter-api-5.11.4.jar:/home/gunduzc/.m2/repository/org/opentest4j/opentest4j/1.3.0/opentest4j-1.3.0.jar:/home/gunduzc/.m2/repository/org/junit/platform/junit-platform-commons/1.11.4/junit-platform-commons-1.11.4.jar:/home/gunduzc/.m2/repository/org/apiguardian/apiguardian-api/1.1.2/apiguardian-api-1.1.2.jar:/home/gunduzc/.m2/repository/org/junit/jupiter/junit-jupiter-params/5.11.4/junit-jupiter-params-5.11.4.jar:/home/gunduzc/.m2/repository/org/junit/jupiter/junit-jupiter-engine/5.11.4/junit-jupiter-engine-5.11.4.jar:/home/gunduzc/.m2/repository/org/junit/platform/junit-platform-engine/1.11.4/junit-platform-engine-1.11.4.jar:/home/gunduzc/.m2/repository/io/dropwizard/metrics/metrics-core/4.2.30/metrics-core-4.2.30.jar:/home/gunduzc/.m2/repository/org/assertj/assertj-core/3.27.3/assertj-core-3.27.3.jar:/home/gunduzc/.m2/repository/net/bytebuddy/byte-buddy/1.15.11/byte-buddy-1.15.11.jar:/home/gunduzc/.m2/repository/org/mockito/mockito-core/5.15.2/mockito-core-5.15.2.jar:/home/gunduzc/.m2/repository/net/bytebuddy/byte-buddy-agent/1.15.11/byte-buddy-agent-1.15.11.jar:/home/gunduzc/.m2/repository/org/objenesis/objenesis/3.3/objenesis-3.3.jar:/home/gunduzc/.m2/repository/com/rabbitmq/stream-client/0.22.0/stream-client-0.22.0.jar:/home/gunduzc/.m2/repository/io/netty/netty-transport/4.1.117.Final/netty-transport-4.1.117.Final.jar:/home/gunduzc/.m2/repository/io/netty/netty-common/4.1.117.Final/netty-common-4.1.117.Final.jar:/home/gunduzc/.m2/repository/io/netty/netty-buffer/4.1.117.Final/netty-buffer-4.1.117.Final.jar:/home/gunduzc/.m2/repository/io/netty/netty-resolver/4.1.117.Final/netty-resolver-4.1.117.Final.jar:/home/gunduzc/.m2/repository/io/netty/netty-codec/4.1.117.Final/netty-codec-4.1.117.Final.jar:/home/gunduzc/.m2/repository/io/netty/netty-handler/4.1.117.Final/netty-handler-4.1.117.Final.jar:/home/gunduzc/.m2/repository/io/netty/netty-transport-native-unix-common/4.1.117.Final/netty-transport-native-unix-common-4.1.117.Final.jar:/home/gunduzc/.m2/repository/org/apache/qpid/proton-j/0.34.1/proton-j-0.34.1.jar:/home/gunduzc/.m2/repository/com/github/luben/zstd-jni/1.5.6-9/zstd-jni-1.5.6-9.jar:/home/gunduzc/.m2/repository/org/lz4/lz4-java/1.8.0/lz4-java-1.8.0.jar:/home/gunduzc/.m2/repository/org/xerial/snappy/snappy-java/1.1.10.7/snappy-java-1.1.10.7.jar:"/>
    <property name="java.vm.vendor" value="Oracle Corporation"/>
    <property name="sun.arch.data.model" value="64"/>
    <property name="java.vendor.url" value="https://java.oracle.com/"/>
    <property name="user.timezone" value="Europe/Istanbul"/>
    <property name="os.name" value="Linux"/>
    <property name="java.vm.specification.version" value="23"/>
    <property name="sun.java.launcher" value="SUN_STANDARD"/>
    <property name="user.country" value="US"/>
    <property name="sun.boot.library.path" value="/home/gunduzc/.jdks/openjdk-23.0.2/lib"/>
    <property name="sun.java.command" value="/home/gunduzc/Git/java-mvn/target/surefire/surefirebooter-20250214025550797_3.jar /home/gunduzc/Git/java-mvn/target/surefire 2025-02-14T02-55-50_676-jvmRun1 surefire-20250214025550797_1tmp surefire_0-20250214025550797_2tmp"/>
    <property name="jdk.debug" value="release"/>
    <property name="surefire.test.class.path" value="/home/gunduzc/Git/java-mvn/target/test-classes:/home/gunduzc/Git/java-mvn/target/classes:/home/gunduzc/.m2/repository/com/rabbitmq/amqp-client/5.25.0/amqp-client-5.25.0.jar:/home/gunduzc/.m2/repository/org/slf4j/slf4j-api/2.0.16/slf4j-api-2.0.16.jar:/home/gunduzc/.m2/repository/org/slf4j/slf4j-simple/2.0.16/slf4j-simple-2.0.16.jar:/home/gunduzc/.m2/repository/org/junit/jupiter/junit-jupiter/5.11.4/junit-jupiter-5.11.4.jar:/home/gunduzc/.m2/repository/org/junit/jupiter/junit-jupiter-api/5.11.4/junit-jupiter-api-5.11.4.jar:/home/gunduzc/.m2/repository/org/opentest4j/opentest4j/1.3.0/opentest4j-1.3.0.jar:/home/gunduzc/.m2/repository/org/junit/platform/junit-platform-commons/1.11.4/junit-platform-commons-1.11.4.jar:/home/gunduzc/.m2/repository/org/apiguardian/apiguardian-api/1.1.2/apiguardian-api-1.1.2.jar:/home/gunduzc/.m2/repository/org/junit/jupiter/junit-jupiter-params/5.11.4/junit-jupiter-params-5.11.4.jar:/home/gunduzc/.m2/repository/org/junit/jupiter/junit-jupiter-engine/5.11.4/junit-jupiter-engine-5.11.4.jar:/home/gunduzc/.m2/repository/org/junit/platform/junit-platform-engine/1.11.4/junit-platform-engine-1.11.4.jar:/home/gunduzc/.m2/repository/io/dropwizard/metrics/metrics-core/4.2.30/metrics-core-4.2.30.jar:/home/gunduzc/.m2/repository/org/assertj/assertj-core/3.27.3/assertj-core-3.27.3.jar:/home/gunduzc/.m2/repository/net/bytebuddy/byte-buddy/1.15.11/byte-buddy-1.15.11.jar:/home/gunduzc/.m2/repository/org/mockito/mockito-core/5.15.2/mockito-core-5.15.2.jar:/home/gunduzc/.m2/repository/net/bytebuddy/byte-buddy-agent/1.15.11/byte-buddy-agent-1.15.11.jar:/home/gunduzc/.m2/repository/org/objenesis/objenesis/3.3/objenesis-3.3.jar:/home/gunduzc/.m2/repository/com/rabbitmq/stream-client/0.22.0/stream-client-0.22.0.jar:/home/gunduzc/.m2/repository/io/netty/netty-transport/4.1.117.Final/netty-transport-4.1.117.Final.jar:/home/gunduzc/.m2/repository/io/netty/netty-common/4.1.117.Final/netty-common-4.1.117.Final.jar:/home/gunduzc/.m2/repository/io/netty/netty-buffer/4.1.117.Final/netty-buffer-4.1.117.Final.jar:/home/gunduzc/.m2/repository/io/netty/netty-resolver/4.1.117.Final/netty-resolver-4.1.117.Final.jar:/home/gunduzc/.m2/repository/io/netty/netty-codec/4.1.117.Final/netty-codec-4.1.117.Final.jar:/home/gunduzc/.m2/repository/io/netty/netty-handler/4.1.117.Final/netty-handler-4.1.117.Final.jar:/home/gunduzc/.m2/repository/io/netty/netty-transport-native-unix-common/4.1.117.Final/netty-transport-native-unix-common-4.1.117.Final.jar:/home/gunduzc/.m2/repository/org/apache/qpid/proton-j/0.34.1/proton-j-0.34.1.jar:/home/gunduzc/.m2/repository/com/github/luben/zstd-jni/1.5.6-9/zstd-jni-1.5.6-9.jar:/home/gunduzc/.m2/repository/org/lz4/lz4-java/1.8.0/lz4-java-1.8.0.jar:/home/gunduzc/.m2/repository/org/xerial/snappy/snappy-java/1.1.10.7/snappy-java-1.1.10.7.jar:"/>
    <property name="sun.cpu.endian" value="little"/>
    <property name="user.home" value="/home/gunduzc"/>
    <property name="user.language" value="en"/>
    <property name="java.specification.vendor" value="Oracle Corporation"/>
    <property name="java.version.date" value="2025-01-21"/>
    <property name="java.home" value="/home/gunduzc/.jdks/openjdk-23.0.2"/>
    <property name="file.separator" value="/"/>
    <property name="basedir" value="/home/gunduzc/Git/java-mvn"/>
    <property name="java.vm.compressedOopsMode" value="Zero based"/>
    <property name="line.separator" value="&#10;"/>
    <property name="java.specification.name" value="Java Platform API Specification"/>
    <property name="java.vm.specification.vendor" value="Oracle Corporation"/>
    <property name="surefire.real.class.path" value="/home/gunduzc/Git/java-mvn/target/surefire/surefirebooter-20250214025550797_3.jar"/>
    <property name="sun.management.compiler" value="HotSpot 64-Bit Tiered Compilers"/>
    <property name="java.runtime.version" value="23.0.2+7-58"/>
    <property name="user.name" value="gunduzc"/>
    <property name="stdout.encoding" value="UTF-8"/>
    <property name="path.separator" value=":"/>
    <property name="os.version" value="6.8.0-53-generic"/>
    <property name="java.runtime.name" value="OpenJDK Runtime Environment"/>
    <property name="file.encoding" value="UTF-8"/>
    <property name="java.vm.name" value="OpenJDK 64-Bit Server VM"/>
    <property name="localRepository" value="/home/gunduzc/.m2/repository"/>
    <property name="java.vendor.url.bug" value="https://bugreport.java.com/bugreport/"/>
    <property name="java.io.tmpdir" value="/tmp"/>
    <property name="idea.version" value="2024.3.2.1"/>
    <property name="java.version" value="23.0.2"/>
    <property name="user.dir" value="/home/gunduzc/Git/java-mvn"/>
    <property name="os.arch" value="amd64"/>
    <property name="java.vm.specification.name" value="Java Virtual Machine Specification"/>
    <property name="native.encoding" value="UTF-8"/>
    <property name="java.library.path" value="/usr/java/packages/lib:/usr/lib64:/lib64:/lib:/usr/lib"/>
    <property name="java.vm.info" value="mixed mode, sharing"/>
    <property name="stderr.encoding" value="UTF-8"/>
    <property name="java.vendor" value="Oracle Corporation"/>
    <property name="java.vm.version" value="23.0.2+7-58"/>
    <property name="sun.io.unicode.encoding" value="UnicodeLittle"/>
    <property name="java.class.version" value="67.0"/>
  </properties>
  <testcase name="publishMessagesIndividually" classname="PublisherConfirmsTest" time="4.769">
    <system-out><![CDATA[publish messages individually: 2116 messages/second
]]></system-out>
  </testcase>
  <testcase name="resendUnconfirmedMessagesIntegration" classname="PublisherConfirmsTest" time="0.569">
    <system-out><![CDATA[resend unconfirmed messages: 18361 messages/second
]]></system-out>
  </testcase>
  <testcase name="resendUnconfirmedMessagesUseLowerBoundAndConcurrentMapIntegration" classname="PublisherConfirmsTest" time="0.619">
    <system-out><![CDATA[resend unconfirmed messages with lower bound and map confirm handling: 16951 messages/second
]]></system-out>
  </testcase>
  <testcase name="publishMessagesInBatch" classname="PublisherConfirmsTest" time="0.566">
    <system-out><![CDATA[publish messages in batch: 18358 messages/second
]]></system-out>
  </testcase>
  <testcase name="resendUnconfirmedMessagesUseLowerBoundAndConcurrentMapMock" classname="PublisherConfirmsTest" time="1.291">
    <system-out><![CDATA[resend unconfirmed messages with lower bound and map confirm handling (mock): 7762 messages/second
]]></system-out>
    <system-err><![CDATA[Mockito is currently self-attaching to enable the inline-mock-maker. This will no longer work in future releases of the JDK. Please add Mockito as an agent to your build as described in Mockito's documentation: https://javadoc.io/doc/org.mockito/mockito-core/latest/org/mockito/Mockito.html#0.3
]]></system-err>
  </testcase>
  <testcase name="allowMaxOfOutstandingConfirms" classname="PublisherConfirmsTest" time="0.652">
    <system-out><![CDATA[allow max of outstanding confirms: 15843 messages/second
]]></system-out>
  </testcase>
  <testcase name="resendUnconfirmedMessagesMock" classname="PublisherConfirmsTest" time="0.227">
    <system-out><![CDATA[resend unconfirmed messages (mock): 44369 messages/second
]]></system-out>
  </testcase>
</testsuite>